2026-04-11 06:27:08 | INFO | radar.facebook_institutional_extractor | Inicio de corrida | run_id=fb_w13_backfill week_name=2026-03-23_semana_23marzo_29marzo_26 output_root=/home/emilio/Documentos/RAdAR/Datos_RAdAR/Facebook week_name_mode=exact_range
2026-04-11 06:27:08 | INFO | radar.facebook_institutional_extractor | Parametros efectivos | since=2026-03-23 until=2026-03-29 pages=2 seed=42 weekly_cap=100 max_posts=8 max_comments_per_post=25 include_replies=True dry_run=False
2026-04-11 06:27:08 | INFO | radar.facebook_institutional_extractor | Paginas institucionales objetivo | pages=MonicaVillarreal:964877296876825:monicavtampico, GobiernoTampico:474462132406835:tampicogob
2026-04-11 06:27:08 | INFO | radar.facebook_institutional_extractor | Procesando pagina 1/2 | page_id=964877296876825 page_label=MonicaVillarreal page_handle=monicavtampico
2026-04-11 06:27:08 | INFO | radar.facebook_institutional_extractor | Descubriendo posts candidatos | page_id=964877296876825 page_label=MonicaVillarreal results_limit=100 since=2026-03-23 until=2026-03-29
2026-04-11 06:27:58 | INFO | radar.facebook_institutional_extractor | Posts actor completado | page_id=964877296876825 status=SUCCEEDED usage_usd=0.1060 items=24
2026-04-11 06:27:58 | INFO | radar.facebook_institutional_extractor | Posts seleccionados por sampling | seleccionados=8 candidatos=24 regla=temporal_even_spacing_by_created_time_with_seed_tiebreak
2026-04-11 06:27:58 | INFO | radar.facebook_institutional_extractor | Bajando comentarios | page_id=964877296876825 post_id=1516657996690756 requested=25 remaining_page_cap=100 include_replies=True
2026-04-11 06:28:14 | INFO | radar.facebook_institutional_extractor | Comentarios materializados | page_id=964877296876825 post_id=1516657996690756 status=selected_post_with_comments usage_usd=0.0010 rows=8 enriched=False
2026-04-11 06:28:14 | INFO | radar.facebook_institutional_extractor | Bajando comentarios | page_id=964877296876825 post_id=1516013970088492 requested=25 remaining_page_cap=92 include_replies=True
2026-04-11 06:28:28 | INFO | radar.facebook_institutional_extractor | Comentarios materializados | page_id=964877296876825 post_id=1516013970088492 status=selected_post_with_comments usage_usd=0.0010 rows=9 enriched=False
2026-04-11 06:28:28 | INFO | radar.facebook_institutional_extractor | Bajando comentarios | page_id=964877296876825 post_id=1515251366831419 requested=25 remaining_page_cap=83 include_replies=True
2026-04-11 06:28:44 | INFO | radar.facebook_institutional_extractor | Comentarios materializados | page_id=964877296876825 post_id=1515251366831419 status=selected_post_with_comments usage_usd=0.0010 rows=4 enriched=False
2026-04-11 06:28:44 | INFO | radar.facebook_institutional_extractor | Bajando comentarios | page_id=964877296876825 post_id=1514946093528613 requested=25 remaining_page_cap=79 include_replies=True
2026-04-11 06:28:59 | INFO | radar.facebook_institutional_extractor | Comentarios materializados | page_id=964877296876825 post_id=1514946093528613 status=selected_post_with_comments usage_usd=0.0010 rows=3 enriched=False
2026-04-11 06:28:59 | INFO | radar.facebook_institutional_extractor | Bajando comentarios | page_id=964877296876825 post_id=1514222613600961 requested=25 remaining_page_cap=76 include_replies=True
2026-04-11 06:29:14 | INFO | radar.facebook_institutional_extractor | Comentarios materializados | page_id=964877296876825 post_id=1514222613600961 status=selected_post_with_comments usage_usd=0.0010 rows=7 enriched=False
2026-04-11 06:29:14 | INFO | radar.facebook_institutional_extractor | Bajando comentarios | page_id=964877296876825 post_id=1514034866953069 requested=25 remaining_page_cap=69 include_replies=True
2026-04-11 06:29:29 | INFO | radar.facebook_institutional_extractor | Comentarios materializados | page_id=964877296876825 post_id=1514034866953069 status=selected_post_with_comments usage_usd=0.0010 rows=7 enriched=False
2026-04-11 06:29:29 | INFO | radar.facebook_institutional_extractor | Bajando comentarios | page_id=964877296876825 post_id=1512603657096190 requested=25 remaining_page_cap=62 include_replies=True
2026-04-11 06:29:51 | INFO | radar.facebook_institutional_extractor | Comentarios materializados | page_id=964877296876825 post_id=1512603657096190 status=selected_post_with_comments usage_usd=0.0010 rows=8 enriched=False
2026-04-11 06:29:51 | INFO | radar.facebook_institutional_extractor | Bajando comentarios | page_id=964877296876825 post_id=1511741260515763 requested=25 remaining_page_cap=54 include_replies=True
2026-04-11 06:30:08 | INFO | radar.facebook_institutional_extractor | Comentarios materializados | page_id=964877296876825 post_id=1511741260515763 status=selected_post_with_comments usage_usd=0.0010 rows=7 enriched=False
2026-04-11 06:30:08 | INFO | radar.facebook_institutional_extractor | Procesando pagina 2/2 | page_id=474462132406835 page_label=GobiernoTampico page_handle=tampicogob
2026-04-11 06:30:08 | INFO | radar.facebook_institutional_extractor | Descubriendo posts candidatos | page_id=474462132406835 page_label=GobiernoTampico results_limit=100 since=2026-03-23 until=2026-03-29
2026-04-11 06:32:01 | INFO | radar.facebook_institutional_extractor | Posts actor completado | page_id=474462132406835 status=SUCCEEDED usage_usd=0.2810 items=61
2026-04-11 06:32:01 | INFO | radar.facebook_institutional_extractor | Posts seleccionados por sampling | seleccionados=8 candidatos=61 regla=temporal_even_spacing_by_created_time_with_seed_tiebreak
2026-04-11 06:32:01 | INFO | radar.facebook_institutional_extractor | Bajando comentarios | page_id=474462132406835 post_id=122197666646546197 requested=25 remaining_page_cap=100 include_replies=True
2026-04-11 06:32:16 | INFO | radar.facebook_institutional_extractor | Comentarios materializados | page_id=474462132406835 post_id=122197666646546197 status=selected_post_with_comments usage_usd=0.0010 rows=6 enriched=False
2026-04-11 06:32:16 | INFO | radar.facebook_institutional_extractor | Bajando comentarios | page_id=474462132406835 post_id=122198651360562112 requested=25 remaining_page_cap=94 include_replies=True
2026-04-11 06:32:34 | INFO | radar.facebook_institutional_extractor | Comentarios materializados | page_id=474462132406835 post_id=122198651360562112 status=selected_post_with_comments usage_usd=0.0010 rows=3 enriched=False
2026-04-11 06:32:34 | INFO | radar.facebook_institutional_extractor | Bajando comentarios | page_id=474462132406835 post_id=4200446370218920 requested=25 remaining_page_cap=91 include_replies=True
2026-04-11 06:32:48 | INFO | radar.facebook_institutional_extractor | Comentarios materializados | page_id=474462132406835 post_id=4200446370218920 status=selected_post_with_comments usage_usd=0.0010 rows=4 enriched=False
2026-04-11 06:32:48 | INFO | radar.facebook_institutional_extractor | Bajando comentarios | page_id=474462132406835 post_id=122197361504546197 requested=25 remaining_page_cap=87 include_replies=True
2026-04-11 06:33:04 | INFO | radar.facebook_institutional_extractor | Comentarios materializados | page_id=474462132406835 post_id=122197361504546197 status=selected_post_with_comments usage_usd=0.0010 rows=1 enriched=False
2026-04-11 06:33:04 | INFO | radar.facebook_institutional_extractor | Bajando comentarios | page_id=474462132406835 post_id=122198249438562112 requested=25 remaining_page_cap=86 include_replies=True
2026-04-11 06:33:20 | INFO | radar.facebook_institutional_extractor | Comentarios materializados | page_id=474462132406835 post_id=122198249438562112 status=selected_post_with_comments usage_usd=0.0010 rows=1 enriched=False
2026-04-11 06:33:20 | INFO | radar.facebook_institutional_extractor | Bajando comentarios | page_id=474462132406835 post_id=122179104188769926 requested=25 remaining_page_cap=85 include_replies=True
2026-04-11 06:33:35 | INFO | radar.facebook_institutional_extractor | Comentarios materializados | page_id=474462132406835 post_id=122179104188769926 status=selected_post_with_comments usage_usd=0.0010 rows=1 enriched=False
2026-04-11 06:33:35 | INFO | radar.facebook_institutional_extractor | Bajando comentarios | page_id=474462132406835 post_id=122198073542562112 requested=25 remaining_page_cap=84 include_replies=True
2026-04-11 06:33:51 | INFO | radar.facebook_institutional_extractor | Comentarios materializados | page_id=474462132406835 post_id=122198073542562112 status=selected_post_no_comments usage_usd=0.0010 rows=0 enriched=False
2026-04-11 06:33:51 | INFO | radar.facebook_institutional_extractor | Bajando comentarios | page_id=474462132406835 post_id=122197062194546197 requested=25 remaining_page_cap=84 include_replies=True
2026-04-11 06:34:04 | INFO | radar.facebook_institutional_extractor | Comentarios materializados | page_id=474462132406835 post_id=122197062194546197 status=selected_post_with_comments usage_usd=0.0010 rows=1 enriched=False
2026-04-11 06:34:04 | INFO | radar.facebook_institutional_extractor | Artefacto canonico publicado | source=/home/emilio/Documentos/RAdAR/Datos_RAdAR/Facebook/2026-03-23_semana_23marzo_29marzo_26/runs/fb_w13_backfill_20260411_062708/facebook_institutional_raw_2026-03-23_semana_23marzo_29marzo_26.csv target=/home/emilio/Documentos/RAdAR/Datos_RAdAR/Facebook/2026-03-23_semana_23marzo_29marzo_26/facebook_institutional_raw_2026-03-23_semana_23marzo_29marzo_26.csv
2026-04-11 06:34:04 | INFO | radar.facebook_institutional_extractor | Artefacto canonico publicado | source=/home/emilio/Documentos/RAdAR/Datos_RAdAR/Facebook/2026-03-23_semana_23marzo_29marzo_26/runs/fb_w13_backfill_20260411_062708/posts_selected.csv target=/home/emilio/Documentos/RAdAR/Datos_RAdAR/Facebook/2026-03-23_semana_23marzo_29marzo_26/posts_selected.csv
2026-04-11 06:34:04 | INFO | radar.facebook_institutional_extractor | Artefacto canonico publicado | source=/home/emilio/Documentos/RAdAR/Datos_RAdAR/Facebook/2026-03-23_semana_23marzo_29marzo_26/runs/fb_w13_backfill_20260411_062708/comments_selected.csv target=/home/emilio/Documentos/RAdAR/Datos_RAdAR/Facebook/2026-03-23_semana_23marzo_29marzo_26/comments_selected.csv
2026-04-11 06:34:04 | INFO | radar.facebook_institutional_extractor | Artefacto canonico publicado | source=/home/emilio/Documentos/RAdAR/Datos_RAdAR/Facebook/2026-03-23_semana_23marzo_29marzo_26/runs/fb_w13_backfill_20260411_062708/selection_audit.csv target=/home/emilio/Documentos/RAdAR/Datos_RAdAR/Facebook/2026-03-23_semana_23marzo_29marzo_26/selection_audit.csv
2026-04-11 06:34:04 | INFO | radar.facebook_institutional_extractor | Artefacto canonico publicado | source=/home/emilio/Documentos/RAdAR/Datos_RAdAR/Facebook/2026-03-23_semana_23marzo_29marzo_26/runs/fb_w13_backfill_20260411_062708/summary.json target=/home/emilio/Documentos/RAdAR/Datos_RAdAR/Facebook/2026-03-23_semana_23marzo_29marzo_26/summary.json
2026-04-11 06:34:04 | INFO | radar.facebook_institutional_extractor | Artefacto canonico publicado | source=/home/emilio/Documentos/RAdAR/Datos_RAdAR/Facebook/2026-03-23_semana_23marzo_29marzo_26/runs/fb_w13_backfill_20260411_062708/parametros_run.json target=/home/emilio/Documentos/RAdAR/Datos_RAdAR/Facebook/2026-03-23_semana_23marzo_29marzo_26/parametros_run.json
2026-04-11 06:34:04 | INFO | radar.facebook_institutional_extractor | Artefacto canonico publicado | source=/home/emilio/Documentos/RAdAR/Datos_RAdAR/Facebook/2026-03-23_semana_23marzo_29marzo_26/runs/fb_w13_backfill_20260411_062708/metadata_run.json target=/home/emilio/Documentos/RAdAR/Datos_RAdAR/Facebook/2026-03-23_semana_23marzo_29marzo_26/metadata_run.json
